<?xml version="1.0" encoding="UTF-8"?>
<!-- Generated by org.testng.reporters.JUnitReportReporter -->
<testsuite skipped="0" hostname="LAPTOP-6BLT8BB7" name="com.nopCommerce.testcases.TC_Addcustomerpage_003" tests="1" failures="0" timestamp="2023-01-02T23:10:13 IST" time="17.628" errors="0">
  <testcase name="Addcustomerpage" time="17.628" classname="com.nopCommerce.testcases.TC_Addcustomerpage_003"/>
  <system-out/>
</testsuite> <!-- com.nopCommerce.testcases.TC_Addcustomerpage_003 -->
