<?xml version="1.0" encoding="UTF-8"?>
<!-- Generated by org.testng.reporters.JUnitReportReporter -->
<testsuite skipped="0" hostname="LAPTOP-6BLT8BB7" name="com.inetbanking.testcases.TC_LoginTest_001" tests="1" failures="0" timestamp="2022-12-24T00:54:02 IST" time="5.189" errors="0">
  <testcase name="loginTest" time="5.189" classname="com.inetbanking.testcases.TC_LoginTest_001"/>
  <system-out/>
</testsuite> <!-- com.inetbanking.testcases.TC_LoginTest_001 -->
