<?xml version="1.0" encoding="UTF-8"?>
<!-- Generated by org.testng.reporters.JUnitReportReporter -->
<testsuite skipped="1" hostname="LAPTOP-6BLT8BB7" name="com.nopCommerce.testcases.TC_checkingordersTest_2" tests="2" failures="0" timestamp="2022-12-25T09:31:42 IST" time="47.548" errors="0">
  <testcase name="checkingordersTest" time="17.253" classname="com.nopCommerce.testcases.TC_checkingordersTest_2"/>
  <system-out/>
  <testcase name="checkingordersTest" time="30.295" classname="com.nopCommerce.testcases.TC_checkingordersTest_2">
    <skipped/>
  </testcase> <!-- checkingordersTest -->
  <system-out/>
</testsuite> <!-- com.nopCommerce.testcases.TC_checkingordersTest_2 -->
