<?xml version="1.0" encoding="UTF-8"?>
<!-- Generated by org.testng.reporters.JUnitReportReporter -->
<testsuite skipped="0" hostname="LAPTOP-6BLT8BB7" name="com.nopCommerce.testcases.TC_LoginDDT_004" tests="3" failures="0" timestamp="2023-01-02T23:10:13 IST" time="12.135" errors="0">
  <testcase name="loginDDT" time="9.585" classname="com.nopCommerce.testcases.TC_LoginDDT_004"/>
  <system-out/>
  <testcase name="loginDDT" time="1.054" classname="com.nopCommerce.testcases.TC_LoginDDT_004"/>
  <system-out/>
  <testcase name="loginDDT" time="1.496" classname="com.nopCommerce.testcases.TC_LoginDDT_004"/>
  <system-out/>
</testsuite> <!-- com.nopCommerce.testcases.TC_LoginDDT_004 -->
