<?xml version="1.0" encoding="UTF-8"?>
<!-- Generated by org.testng.reporters.JUnitReportReporter -->
<testsuite skipped="0" hostname="LAPTOP-6BLT8BB7" name="com.nopCommerce.testcases.TC_Addcustomerpage_3" tests="1" failures="0" timestamp="2022-12-25T09:31:42 IST" time="15.921" errors="0">
  <testcase name="loginTest" time="15.921" classname="com.nopCommerce.testcases.TC_Addcustomerpage_3"/>
  <system-out/>
</testsuite> <!-- com.nopCommerce.testcases.TC_Addcustomerpage_3 -->
