<?xml version="1.0" encoding="UTF-8"?>
<!-- Generated by org.testng.reporters.JUnitReportReporter -->
<testsuite skipped="0" hostname="LAPTOP-6BLT8BB7" name="com.nopCommerce.testcases.TC_checkingordersTest_002" tests="1" failures="0" timestamp="2023-01-02T23:13:53 IST" time="28.624" errors="0">
  <testcase name="checkingordersTest" time="28.624" classname="com.nopCommerce.testcases.TC_checkingordersTest_002"/>
  <system-out/>
</testsuite> <!-- com.nopCommerce.testcases.TC_checkingordersTest_002 -->
