<?xml version="1.0" encoding="UTF-8"?>
<!-- Generated by org.testng.reporters.JUnitReportReporter -->
<testsuite skipped="0" hostname="LAPTOP-6BLT8BB7" name="com.inetbanking.testcases.TC_flipcart_003" tests="1" failures="0" timestamp="2022-10-12T03:38:53 IST" time="0.857" errors="0">
  <testcase name="flipcart" time="0.857" classname="com.inetbanking.testcases.TC_flipcart_003"/>
  <system-out/>
</testsuite> <!-- com.inetbanking.testcases.TC_flipcart_003 -->
